2022-07-13 19:46:44.439  INFO 15912 --- [main] mao.user_service.UserServiceApplication  : No active profile set, falling back to default profiles: default
2022-07-13 19:46:44.878  INFO 15912 --- [main] o.s.cloud.context.scope.GenericScope     : BeanFactory id=446433d6-76f3-3404-bc4a-db6d53ede6c8
2022-07-13 19:46:45.062  INFO 15912 --- [main] o.s.b.w.embedded.tomcat.TomcatWebServer  : Tomcat initialized with port(s): 8082 (http)
2022-07-13 19:46:45.068  INFO 15912 --- [main] o.apache.catalina.core.StandardService   : Starting service [Tomcat]
2022-07-13 19:46:45.069  INFO 15912 --- [main] org.apache.catalina.core.StandardEngine  : Starting Servlet engine: [Apache Tomcat/9.0.43]
2022-07-13 19:46:45.180  INFO 15912 --- [main] o.a.c.c.C.[Tomcat].[localhost].[/]       : Initializing Spring embedded WebApplicationContext
2022-07-13 19:46:45.181  INFO 15912 --- [main] w.s.c.ServletWebServerApplicationContext : Root WebApplicationContext: initialization completed in 727 ms
2022-07-13 19:46:45.268  INFO 15912 --- [main] c.a.d.s.b.a.DruidDataSourceAutoConfigure : Init DruidDataSource
2022-07-13 19:46:45.357  INFO 15912 --- [main] com.alibaba.druid.pool.DruidDataSource   : {dataSource-1} inited
2022-07-13 19:46:45.404  WARN 15912 --- [main] c.n.c.sources.URLConfigurationSource     : No URLs will be polled as dynamic configuration sources.
2022-07-13 19:46:45.404  INFO 15912 --- [main] c.n.c.sources.URLConfigurationSource     : To enable URLs as dynamic configuration sources, define System property archaius.configurationSource.additionalUrls or make config.properties available on classpath.
2022-07-13 19:46:45.407  WARN 15912 --- [main] c.n.c.sources.URLConfigurationSource     : No URLs will be polled as dynamic configuration sources.
2022-07-13 19:46:45.407  INFO 15912 --- [main] c.n.c.sources.URLConfigurationSource     : To enable URLs as dynamic configuration sources, define System property archaius.configurationSource.additionalUrls or make config.properties available on classpath.
2022-07-13 19:46:45.500  INFO 15912 --- [main] o.s.s.concurrent.ThreadPoolTaskExecutor  : Initializing ExecutorService 'applicationTaskExecutor'
2022-07-13 19:46:45.711  INFO 15912 --- [main] o.s.s.c.ThreadPoolTaskScheduler          : Initializing ExecutorService 'Nacos-Watch-Task-Scheduler'
2022-07-13 19:46:46.171  INFO 15912 --- [main] o.s.b.w.embedded.tomcat.TomcatWebServer  : Tomcat started on port(s): 8082 (http) with context path ''
2022-07-13 19:46:46.182  INFO 15912 --- [main] c.a.c.n.registry.NacosServiceRegistry    : nacos registry, DEFAULT_GROUP userservice 192.168.202.1:8082 register finished
2022-07-13 19:46:46.307  INFO 15912 --- [main] mao.user_service.UserServiceApplication  : Started UserServiceApplication in 2.673 seconds (JVM running for 3.225)
2022-07-13 19:46:48.221  INFO 19068 --- [main] mao.user_service.UserServiceApplication  : No active profile set, falling back to default profiles: default
2022-07-13 19:46:48.657  INFO 19068 --- [main] o.s.cloud.context.scope.GenericScope     : BeanFactory id=446433d6-76f3-3404-bc4a-db6d53ede6c8
2022-07-13 19:46:48.846  INFO 19068 --- [main] o.s.b.w.embedded.tomcat.TomcatWebServer  : Tomcat initialized with port(s): 8083 (http)
2022-07-13 19:46:48.855  INFO 19068 --- [main] o.apache.catalina.core.StandardService   : Starting service [Tomcat]
2022-07-13 19:46:48.855  INFO 19068 --- [main] org.apache.catalina.core.StandardEngine  : Starting Servlet engine: [Apache Tomcat/9.0.43]
2022-07-13 19:46:48.969  INFO 19068 --- [main] o.a.c.c.C.[Tomcat].[localhost].[/]       : Initializing Spring embedded WebApplicationContext
2022-07-13 19:46:48.969  INFO 19068 --- [main] w.s.c.ServletWebServerApplicationContext : Root WebApplicationContext: initialization completed in 737 ms
2022-07-13 19:46:49.057  INFO 19068 --- [main] c.a.d.s.b.a.DruidDataSourceAutoConfigure : Init DruidDataSource
2022-07-13 19:46:49.158  INFO 19068 --- [main] com.alibaba.druid.pool.DruidDataSource   : {dataSource-1} inited
2022-07-13 19:46:49.219  WARN 19068 --- [main] c.n.c.sources.URLConfigurationSource     : No URLs will be polled as dynamic configuration sources.
2022-07-13 19:46:49.219  INFO 19068 --- [main] c.n.c.sources.URLConfigurationSource     : To enable URLs as dynamic configuration sources, define System property archaius.configurationSource.additionalUrls or make config.properties available on classpath.
2022-07-13 19:46:49.222  WARN 19068 --- [main] c.n.c.sources.URLConfigurationSource     : No URLs will be polled as dynamic configuration sources.
2022-07-13 19:46:49.223  INFO 19068 --- [main] c.n.c.sources.URLConfigurationSource     : To enable URLs as dynamic configuration sources, define System property archaius.configurationSource.additionalUrls or make config.properties available on classpath.
2022-07-13 19:46:49.341  INFO 19068 --- [main] o.s.s.concurrent.ThreadPoolTaskExecutor  : Initializing ExecutorService 'applicationTaskExecutor'
2022-07-13 19:46:49.559  INFO 19068 --- [main] o.s.s.c.ThreadPoolTaskScheduler          : Initializing ExecutorService 'Nacos-Watch-Task-Scheduler'
2022-07-13 19:46:50.026  INFO 19068 --- [main] o.s.b.w.embedded.tomcat.TomcatWebServer  : Tomcat started on port(s): 8083 (http) with context path ''
2022-07-13 19:46:50.035  INFO 19068 --- [main] c.a.c.n.registry.NacosServiceRegistry    : nacos registry, DEFAULT_GROUP userservice 192.168.202.1:8083 register finished
2022-07-13 19:46:50.183  INFO 19068 --- [main] mao.user_service.UserServiceApplication  : Started UserServiceApplication in 2.762 seconds (JVM running for 3.289)
2022-07-13 19:46:51.625  INFO 4204 --- [main] mao.user_service.UserServiceApplication  : No active profile set, falling back to default profiles: default
2022-07-13 19:46:52.305  INFO 4204 --- [main] o.s.cloud.context.scope.GenericScope     : BeanFactory id=446433d6-76f3-3404-bc4a-db6d53ede6c8
2022-07-13 19:46:52.492  INFO 4204 --- [main] o.s.b.w.embedded.tomcat.TomcatWebServer  : Tomcat initialized with port(s): 8084 (http)
2022-07-13 19:46:52.499  INFO 4204 --- [main] o.apache.catalina.core.StandardService   : Starting service [Tomcat]
2022-07-13 19:46:52.499  INFO 4204 --- [main] org.apache.catalina.core.StandardEngine  : Starting Servlet engine: [Apache Tomcat/9.0.43]
2022-07-13 19:46:52.620  INFO 4204 --- [main] o.a.c.c.C.[Tomcat].[localhost].[/]       : Initializing Spring embedded WebApplicationContext
2022-07-13 19:46:52.620  INFO 4204 --- [main] w.s.c.ServletWebServerApplicationContext : Root WebApplicationContext: initialization completed in 980 ms
2022-07-13 19:46:52.704  INFO 4204 --- [main] c.a.d.s.b.a.DruidDataSourceAutoConfigure : Init DruidDataSource
2022-07-13 19:46:52.804  INFO 4204 --- [main] com.alibaba.druid.pool.DruidDataSource   : {dataSource-1} inited
2022-07-13 19:46:52.866  WARN 4204 --- [main] c.n.c.sources.URLConfigurationSource     : No URLs will be polled as dynamic configuration sources.
2022-07-13 19:46:52.866  INFO 4204 --- [main] c.n.c.sources.URLConfigurationSource     : To enable URLs as dynamic configuration sources, define System property archaius.configurationSource.additionalUrls or make config.properties available on classpath.
2022-07-13 19:46:52.869  WARN 4204 --- [main] c.n.c.sources.URLConfigurationSource     : No URLs will be polled as dynamic configuration sources.
2022-07-13 19:46:52.869  INFO 4204 --- [main] c.n.c.sources.URLConfigurationSource     : To enable URLs as dynamic configuration sources, define System property archaius.configurationSource.additionalUrls or make config.properties available on classpath.
2022-07-13 19:46:52.983  INFO 4204 --- [main] o.s.s.concurrent.ThreadPoolTaskExecutor  : Initializing ExecutorService 'applicationTaskExecutor'
2022-07-13 19:46:53.181  INFO 4204 --- [main] o.s.s.c.ThreadPoolTaskScheduler          : Initializing ExecutorService 'Nacos-Watch-Task-Scheduler'
2022-07-13 19:46:53.576  INFO 4204 --- [main] o.s.b.w.embedded.tomcat.TomcatWebServer  : Tomcat started on port(s): 8084 (http) with context path ''
2022-07-13 19:46:53.587  INFO 4204 --- [main] c.a.c.n.registry.NacosServiceRegistry    : nacos registry, DEFAULT_GROUP userservice 192.168.202.1:8084 register finished
2022-07-13 19:46:53.732  INFO 4204 --- [main] mao.user_service.UserServiceApplication  : Started UserServiceApplication in 2.994 seconds (JVM running for 3.567)
